<?xml version="1.0" encoding="UTF-8"?>
<testng-results skipped="0" failed="0" ignored="0" total="2" passed="2">
  <reporter-output>
  </reporter-output>
  <suite name="Default suite" duration-ms="8492" started-at="2022-02-13T16:17:12 CST" finished-at="2022-02-13T16:17:20 CST">
    <groups>
    </groups>
    <test name="Default test" duration-ms="8492" started-at="2022-02-13T16:17:12 CST" finished-at="2022-02-13T16:17:20 CST">
      <class name="tests.LoginPageTest">
        <test-method status="PASS" signature="setUp()[pri:0, instance:tests.LoginPageTest@44c8afef]" name="setUp" is-config="true" duration-ms="2944" started-at="2022-02-13T16:17:12 CST" finished-at="2022-02-13T16:17:15 CST">
          <reporter-output>
          </reporter-output>
        </test-method> <!-- setUp -->
        <test-method status="PASS" signature="loginTest()[pri:0, instance:tests.LoginPageTest@44c8afef]" name="loginTest" duration-ms="1075" started-at="2022-02-13T16:17:15 CST" finished-at="2022-02-13T16:17:16 CST">
          <reporter-output>
          </reporter-output>
        </test-method> <!-- loginTest -->
        <test-method status="PASS" signature="tearDown()[pri:0, instance:tests.LoginPageTest@44c8afef]" name="tearDown" is-config="true" duration-ms="605" started-at="2022-02-13T16:17:16 CST" finished-at="2022-02-13T16:17:16 CST">
          <reporter-output>
          </reporter-output>
        </test-method> <!-- tearDown -->
        <test-method status="PASS" signature="setUp()[pri:0, instance:tests.LoginPageTest@44c8afef]" name="setUp" is-config="true" duration-ms="2186" started-at="2022-02-13T16:17:16 CST" finished-at="2022-02-13T16:17:18 CST">
          <reporter-output>
          </reporter-output>
        </test-method> <!-- setUp -->
        <test-method status="PASS" signature="pageTitleTest()[pri:0, instance:tests.LoginPageTest@44c8afef]" name="pageTitleTest" duration-ms="1070" started-at="2022-02-13T16:17:18 CST" finished-at="2022-02-13T16:17:20 CST">
          <reporter-output>
          </reporter-output>
        </test-method> <!-- pageTitleTest -->
        <test-method status="PASS" signature="tearDown()[pri:0, instance:tests.LoginPageTest@44c8afef]" name="tearDown" is-config="true" duration-ms="591" started-at="2022-02-13T16:17:20 CST" finished-at="2022-02-13T16:17:20 CST">
          <reporter-output>
          </reporter-output>
        </test-method> <!-- tearDown -->
      </class> <!-- tests.LoginPageTest -->
    </test> <!-- Default test -->
  </suite> <!-- Default suite -->
</testng-results>
